[0.008s] Invoking command in '/home/rosdev/arm_ws/build/hello_moveit_task_constructor': CMAKE_PREFIX_PATH=/opt/ros/humble /usr/bin/cmake /home/rosdev/arm_ws/src/mycobot_ros2/hello_moveit_task_constructor -DCMAKE_INSTALL_PREFIX=/home/rosdev/arm_ws/install/hello_moveit_task_constructor
[0.059s] -- The C compiler identification is GNU 11.4.0
[0.099s] -- The CXX compiler identification is GNU 11.4.0
[0.104s] -- Detecting C compiler ABI info
[0.167s] -- Detecting C compiler ABI info - done
[0.172s] -- Check for working C compiler: /usr/bin/cc - skipped
[0.172s] -- Detecting C compile features
[0.172s] -- Detecting C compile features - done
[0.175s] -- Detecting CXX compiler ABI info
[0.237s] -- Detecting CXX compiler ABI info - done
[0.243s] -- Check for working CXX compiler: /usr/bin/c++ - skipped
[0.243s] -- Detecting CXX compile features
[0.243s] -- Detecting CXX compile features - done
[0.246s] -- Found ament_cmake: 1.3.12 (/opt/ros/humble/share/ament_cmake/cmake)
[0.365s] -- Found Python3: /usr/bin/python3 (found version "3.10.12") found components: Interpreter 
[0.448s] -- Found generate_parameter_library: 0.5.0 (/opt/ros/humble/share/generate_parameter_library/cmake)
[0.452s] -- Found parameter_traits: 0.5.0 (/opt/ros/humble/share/parameter_traits/cmake)
[0.492s] -- Found rosidl_generator_c: 3.1.7 (/opt/ros/humble/share/rosidl_generator_c/cmake)
[0.496s] -- Found rosidl_adapter: 3.1.7 (/opt/ros/humble/share/rosidl_adapter/cmake)
[0.503s] -- Found rosidl_generator_cpp: 3.1.7 (/opt/ros/humble/share/rosidl_generator_cpp/cmake)
[0.513s] -- Using all available rosidl_typesupport_c: rosidl_typesupport_fastrtps_c;rosidl_typesupport_introspection_c
[0.525s] -- Using all available rosidl_typesupport_cpp: rosidl_typesupport_fastrtps_cpp;rosidl_typesupport_introspection_cpp
[0.568s] -- Found rmw_implementation_cmake: 6.1.2 (/opt/ros/humble/share/rmw_implementation_cmake/cmake)
[0.570s] -- Found rmw_fastrtps_cpp: 6.2.8 (/opt/ros/humble/share/rmw_fastrtps_cpp/cmake)
[0.636s] -- Found OpenSSL: /usr/lib/x86_64-linux-gnu/libcrypto.so (found version "3.0.2")  
[0.665s] -- Found FastRTPS: /opt/ros/humble/include  
[0.700s] -- Using RMW implementation 'rmw_fastrtps_cpp' as default
[0.708s] -- Looking for pthread.h
[0.771s] -- Looking for pthread.h - found
[0.771s] -- Performing Test CMAKE_HAVE_LIBC_PTHREAD
[0.824s] -- Performing Test CMAKE_HAVE_LIBC_PTHREAD - Success
[0.824s] -- Found Threads: TRUE  
[0.886s] -- Found rclcpp_lifecycle: 16.0.15 (/opt/ros/humble/share/rclcpp_lifecycle/cmake)
[0.903s] -- Found moveit_common: 2.5.9 (/opt/ros/humble/share/moveit_common/cmake)
[0.961s] -- Found moveit_core: 2.5.9 (/opt/ros/humble/share/moveit_core/cmake)
[0.998s] -- Found Boost: /usr/lib/x86_64-linux-gnu/cmake/Boost-1.74.0/BoostConfig.cmake (found version "1.74.0") found components: chrono date_time filesystem iostreams program_options regex serialization system thread 
[1.025s] -- Found Boost: /usr/lib/x86_64-linux-gnu/cmake/Boost-1.74.0/BoostConfig.cmake (found version "1.74.0") found components: filesystem 
[1.105s] -- library: /usr/lib/x86_64-linux-gnu/libcurl.so
[1.160s] -- Found Eigen3: TRUE (found version "3.4.0") 
[1.160s] -- Ensuring Eigen3 include directory is part of orocos-kdl CMake target
[1.358s] -- Found moveit_ros_planning: 2.5.9 (/opt/ros/humble/share/moveit_ros_planning/cmake)
[1.362s] -- Found Boost: /usr/lib/x86_64-linux-gnu/cmake/Boost-1.74.0/BoostConfig.cmake (found version "1.74.0") found components: system filesystem date_time program_options thread chrono 
[1.383s] -- Found moveit_ros_planning_interface: 2.5.9 (/opt/ros/humble/share/moveit_ros_planning_interface/cmake)
[1.388s] -- Found Boost: /usr/lib/x86_64-linux-gnu/cmake/Boost-1.74.0/BoostConfig.cmake (found version "1.74.0") found components: date_time filesystem program_options system thread 
[1.400s] -- Found Boost: /usr/lib/x86_64-linux-gnu/cmake/Boost-1.74.0/BoostConfig.cmake (found version "1.74.0") found components: thread system filesystem regex date_time program_options 
[1.418s] -- Found Boost: /usr/lib/x86_64-linux-gnu/cmake/Boost-1.74.0/BoostConfig.cmake (found version "1.74.0") found components: system filesystem date_time program_options thread 
[1.452s] [31mCMake Error at CMakeLists.txt:25 (find_package):
[1.452s]   By not providing "Findmoveit_task_constructor_core.cmake" in
[1.452s]   CMAKE_MODULE_PATH this project has asked CMake to find a package
[1.452s]   configuration file provided by "moveit_task_constructor_core", but CMake
[1.452s]   did not find one.
[1.452s] 
[1.452s]   Could not find a package configuration file provided by
[1.452s]   "moveit_task_constructor_core" with any of the following names:
[1.452s] 
[1.452s]     moveit_task_constructor_coreConfig.cmake
[1.452s]     moveit_task_constructor_core-config.cmake
[1.452s] 
[1.452s]   Add the installation prefix of "moveit_task_constructor_core" to
[1.452s]   CMAKE_PREFIX_PATH or set "moveit_task_constructor_core_DIR" to a directory
[1.452s]   containing one of the above files.  If "moveit_task_constructor_core"
[1.452s]   provides a separate development package or SDK, be sure it has been
[1.452s]   installed.
[1.453s] 
[1.453s] [0m
[1.453s] -- Configuring incomplete, errors occurred!
[1.453s] See also "/home/rosdev/arm_ws/build/hello_moveit_task_constructor/CMakeFiles/CMakeOutput.log".
[1.461s] Invoked command in '/home/rosdev/arm_ws/build/hello_moveit_task_constructor' returned '1': CMAKE_PREFIX_PATH=/opt/ros/humble /usr/bin/cmake /home/rosdev/arm_ws/src/mycobot_ros2/hello_moveit_task_constructor -DCMAKE_INSTALL_PREFIX=/home/rosdev/arm_ws/install/hello_moveit_task_constructor
