[0.007s] Invoking command in '/home/rosdev/arm_ws/build/moveit_task_constructor_msgs': /usr/bin/cmake /home/rosdev/arm_ws/src/moveit_task_constructor/msgs -DCMAKE_BUILD_TYPE=Release -DCATKIN_INSTALL_INTO_PREFIX_ROOT=0 -DCMAKE_INSTALL_PREFIX=/home/rosdev/arm_ws/install/moveit_task_constructor_msgs
[0.059s] -- The C compiler identification is GNU 11.4.0
[0.100s] -- The CXX compiler identification is GNU 11.4.0
[0.106s] -- Detecting C compiler ABI info
[0.167s] -- Detecting C compiler ABI info - done
[0.172s] -- Check for working C compiler: /usr/bin/cc - skipped
[0.172s] -- Detecting C compile features
[0.173s] -- Detecting C compile features - done
[0.175s] -- Detecting CXX compiler ABI info
[0.235s] -- Detecting CXX compiler ABI info - done
[0.241s] -- Check for working CXX compiler: /usr/bin/c++ - skipped
[0.241s] -- Detecting CXX compile features
[0.241s] -- Detecting CXX compile features - done
[0.259s] [31mCMake Error at CMakeLists.txt:6 (find_package):
[0.259s]   By not providing "Findcatkin.cmake" in CMAKE_MODULE_PATH this project has
[0.259s]   asked CMake to find a package configuration file provided by "catkin", but
[0.259s]   CMake did not find one.
[0.259s] 
[0.259s]   Could not find a package configuration file provided by "catkin" with any
[0.259s]   of the following names:
[0.259s] 
[0.259s]     catkinConfig.cmake
[0.259s]     catkin-config.cmake
[0.259s] 
[0.259s]   Add the installation prefix of "catkin" to CMAKE_PREFIX_PATH or set
[0.259s]   "catkin_DIR" to a directory containing one of the above files.  If "catkin"
[0.259s]   provides a separate development package or SDK, be sure it has been
[0.260s]   installed.
[0.260s] 
[0.260s] [0m
[0.260s] -- Configuring incomplete, errors occurred!
[0.260s] See also "/home/rosdev/arm_ws/build/moveit_task_constructor_msgs/CMakeFiles/CMakeOutput.log".
[0.262s] Invoked command in '/home/rosdev/arm_ws/build/moveit_task_constructor_msgs' returned '1': /usr/bin/cmake /home/rosdev/arm_ws/src/moveit_task_constructor/msgs -DCMAKE_BUILD_TYPE=Release -DCATKIN_INSTALL_INTO_PREFIX_ROOT=0 -DCMAKE_INSTALL_PREFIX=/home/rosdev/arm_ws/install/moveit_task_constructor_msgs
